<?xml version="1.0" encoding="UTF-8"?>
<robot generator="Robot 7.3.2 (Python 3.11.0 on win32)" generated="2025-12-08T16:30:40.100018" rpa="false" schemaversion="5">
<suite id="s1" name="DC tests" source="D:\workspace\85449\CI_Test\Test Cases\DC\RobotPlaywright\DC tests.robot">
<test id="s1-t1" name="TC_1 Home | ConformIQTC_1 Login | ConformIQ" line="11">
<kw name="Load Excel Data" owner="Conformiq RobotFwk Utils library">
<kw name="Get Test Data Cell" owner="ExcelDataHandler">
<msg time="2025-12-08T16:30:40.574258" level="INFO">C:\Users\suhas\AppData\Local\Programs\Python\Python311\Lib\site-packages\openpyxl\styles\stylesheet.py:237: UserWarning: Workbook contains no default style, apply openpyxl's default
  warn("Workbook contains no default style, apply openpyxl's default")</msg>
<msg time="2025-12-08T16:30:40.574258" level="INFO">${sData} = https://conformiq11.odoo.com/</msg>
<var>${sData}</var>
<arg>${sTestDataExcelName}</arg>
<arg>${SheetName}</arg>
<arg>${TestCasename}</arg>
<arg>${TestCaseColumn}</arg>
<arg>2</arg>
<doc>Reads a specific cell value based on a TestCase name and Column header.</doc>
<status status="PASS" start="2025-12-08T16:30:40.556893" elapsed="0.017365"/>
</kw>
<kw name="Log" owner="BuiltIn">
<msg time="2025-12-08T16:30:40.574258" level="INFO">Fetched Data: https://conformiq11.odoo.com/</msg>
<arg>Fetched Data: ${sData}</arg>
<arg>console=yes</arg>
<doc>Logs the given message with the given level.</doc>
<status status="PASS" start="2025-12-08T16:30:40.574258" elapsed="0.000000"/>
</kw>
<return>
<value>${sData}</value>
<status status="PASS" start="2025-12-08T16:30:40.574258" elapsed="0.000000"/>
</return>
<msg time="2025-12-08T16:30:40.574258" level="INFO">${1:URL FIELD} = https://conformiq11.odoo.com/</msg>
<var>${1:URL FIELD}</var>
<arg>FLOW1</arg>
<arg>TC_1 Home | ConformIQTC_1 Login | ConformIQ</arg>
<arg>1:URL FIELD</arg>
<status status="PASS" start="2025-12-08T16:30:40.556893" elapsed="0.017365"/>
</kw>
<kw name="Home | ConformIQ SmartScanner" owner="DC keywords">
<kw name="Load Locator Data" owner="Conformiq RobotFwk Utils library">
<kw name="Get Test Data Cell" owner="ExcelDataHandler">
<msg time="2025-12-08T16:30:40.576910" level="INFO">${sLocator} = URL FIELD</msg>
<var>${sLocator}</var>
<arg>${sFileName}</arg>
<arg>${ObjectSheetName}</arg>
<arg>${ObjectName}</arg>
<arg>${LocatorColumn}</arg>
<arg>1</arg>
<doc>Reads a specific cell value based on a TestCase name and Column header.</doc>
<status status="PASS" start="2025-12-08T16:30:40.576910" elapsed="0.000000"/>
</kw>
<kw name="Get Test Data Cell" owner="ExcelDataHandler">
<msg time="2025-12-08T16:30:40.576910" level="INFO">${sLocator_Type} = name</msg>
<var>${sLocator_Type}</var>
<arg>${sFileName}</arg>
<arg>${ObjectSheetName}</arg>
<arg>${ObjectName}</arg>
<arg>LocatorType</arg>
<arg>1</arg>
<doc>Reads a specific cell value based on a TestCase name and Column header.</doc>
<status status="PASS" start="2025-12-08T16:30:40.576910" elapsed="0.000000"/>
</kw>
<kw name="Set Variable" owner="BuiltIn">
<msg time="2025-12-08T16:30:40.576910" level="INFO">${final} = name=URL FIELD</msg>
<var>${final}</var>
<arg>${sLocator_Type}=${sLocator}</arg>
<doc>Returns the given values which can then be assigned to a variables.</doc>
<status status="PASS" start="2025-12-08T16:30:40.576910" elapsed="0.000000"/>
</kw>
<if>
<branch type="IF" condition="'${sLocator_Type}' == 'name'">
<kw name="Set Variable" owner="BuiltIn">
<msg time="2025-12-08T16:30:40.576910" level="INFO">${final} = xpath=//*[@name="URL FIELD"]</msg>
<var>${final}</var>
<arg>xpath=//*[@name="${sLocator}"]</arg>
<doc>Returns the given values which can then be assigned to a variables.</doc>
<status status="PASS" start="2025-12-08T16:30:40.576910" elapsed="0.000000"/>
</kw>
<status status="PASS" start="2025-12-08T16:30:40.576910" elapsed="0.000000"/>
</branch>
<status status="PASS" start="2025-12-08T16:30:40.576910" elapsed="0.000000"/>
</if>
<kw name="Log" owner="BuiltIn">
<msg time="2025-12-08T16:30:40.576910" level="INFO">Fetched Locator: xpath=//*[@name="URL FIELD"]</msg>
<arg>Fetched Locator: ${final}</arg>
<arg>console=yes</arg>
<doc>Logs the given message with the given level.</doc>
<status status="PASS" start="2025-12-08T16:30:40.576910" elapsed="0.000000"/>
</kw>
<return>
<value>${final}</value>
<status status="PASS" start="2025-12-08T16:30:40.576910" elapsed="0.000000"/>
</return>
<msg time="2025-12-08T16:30:40.576910" level="INFO">${PERFORM Open URL-URL FIELD_locator} = xpath=//*[@name="URL FIELD"]</msg>
<var>${PERFORM Open URL-URL FIELD_locator}</var>
<arg>Objects</arg>
<arg>PERFORM Open URL-URL FIELD_locator</arg>
<arg>Locator</arg>
<status status="PASS" start="2025-12-08T16:30:40.576910" elapsed="0.000000"/>
</kw>
<kw name="Load Locator Data" owner="Conformiq RobotFwk Utils library">
<kw name="Get Test Data Cell" owner="ExcelDataHandler">
<msg time="2025-12-08T16:30:40.576910" level="INFO">${sLocator} = //a[@class='o_nav_link_btn nav-link border px-3' and @href='/web/login']</msg>
<var>${sLocator}</var>
<arg>${sFileName}</arg>
<arg>${ObjectSheetName}</arg>
<arg>${ObjectName}</arg>
<arg>${LocatorColumn}</arg>
<arg>1</arg>
<doc>Reads a specific cell value based on a TestCase name and Column header.</doc>
<status status="PASS" start="2025-12-08T16:30:40.576910" elapsed="0.000000"/>
</kw>
<kw name="Get Test Data Cell" owner="ExcelDataHandler">
<msg time="2025-12-08T16:30:40.576910" level="INFO">${sLocator_Type} = xpath</msg>
<var>${sLocator_Type}</var>
<arg>${sFileName}</arg>
<arg>${ObjectSheetName}</arg>
<arg>${ObjectName}</arg>
<arg>LocatorType</arg>
<arg>1</arg>
<doc>Reads a specific cell value based on a TestCase name and Column header.</doc>
<status status="PASS" start="2025-12-08T16:30:40.576910" elapsed="0.000000"/>
</kw>
<kw name="Set Variable" owner="BuiltIn">
<msg time="2025-12-08T16:30:40.576910" level="INFO">${final} = xpath=//a[@class='o_nav_link_btn nav-link border px-3' and @href='/web/login']</msg>
<var>${final}</var>
<arg>${sLocator_Type}=${sLocator}</arg>
<doc>Returns the given values which can then be assigned to a variables.</doc>
<status status="PASS" start="2025-12-08T16:30:40.576910" elapsed="0.000000"/>
</kw>
<if>
<branch type="IF" condition="'${sLocator_Type}' == 'name'">
<kw name="Set Variable" owner="BuiltIn">
<var>${final}</var>
<arg>xpath=//*[@name="${sLocator}"]</arg>
<doc>Returns the given values which can then be assigned to a variables.</doc>
<status status="NOT RUN" start="2025-12-08T16:30:40.576910" elapsed="0.000000"/>
</kw>
<status status="NOT RUN" start="2025-12-08T16:30:40.576910" elapsed="0.000000"/>
</branch>
<status status="PASS" start="2025-12-08T16:30:40.576910" elapsed="0.000000"/>
</if>
<kw name="Log" owner="BuiltIn">
<msg time="2025-12-08T16:30:40.576910" level="INFO">Fetched Locator: xpath=//a[@class='o_nav_link_btn nav-link border px-3' and @href='/web/login']</msg>
<arg>Fetched Locator: ${final}</arg>
<arg>console=yes</arg>
<doc>Logs the given message with the given level.</doc>
<status status="PASS" start="2025-12-08T16:30:40.576910" elapsed="0.000000"/>
</kw>
<return>
<value>${final}</value>
<status status="PASS" start="2025-12-08T16:30:40.576910" elapsed="0.000000"/>
</return>
<msg time="2025-12-08T16:30:40.576910" level="INFO">${Home | ConformIQ-Home | ConformIQSCREENHome | ConformIQSCREENSign inHYPERLINK_locator} = xpath=//a[@class='o_nav_link_btn nav-link border px-3' and @href='/web/login']</msg>
<var>${Home | ConformIQ-Home | ConformIQSCREENHome | ConformIQSCREENSign inHYPERLINK_locator}</var>
<arg>Objects</arg>
<arg>Home | ConformIQ-Home | ConformIQSCREENHome | ConformIQSCREENSign inHYPERLINK_locator</arg>
<arg>Locator</arg>
<status status="PASS" start="2025-12-08T16:30:40.576910" elapsed="0.000000"/>
</kw>
<kw name="Element Should Contain">
<msg time="2025-12-08T16:30:40.576910" level="FAIL">No keyword with name 'Element Should Contain' found.</msg>
<arg>${PERFORM Open URL-URL FIELD_locator}</arg>
<arg>${URL FIELD}URL FIELD</arg>
<status status="FAIL" start="2025-12-08T16:30:40.576910" elapsed="0.000000">No keyword with name 'Element Should Contain' found.</status>
</kw>
<kw name="Wait For Elements State" owner="Browser">
<arg>${Home | ConformIQ-Home | ConformIQSCREENHome | ConformIQSCREENSign inHYPERLINK_locator}</arg>
<arg>visible</arg>
<tag>PageContent</tag>
<tag>Wait</tag>
<doc>Waits for the element found by ``selector`` to satisfy state option.</doc>
<status status="NOT RUN" start="2025-12-08T16:30:40.576910" elapsed="0.000000"/>
</kw>
<kw name="Click" owner="Browser">
<arg>${Home | ConformIQ-Home | ConformIQSCREENHome | ConformIQSCREENSign inHYPERLINK_locator}</arg>
<tag>PageContent</tag>
<tag>Setter</tag>
<doc>Simulates mouse click on the element found by ``selector``.</doc>
<status status="NOT RUN" start="2025-12-08T16:30:40.576910" elapsed="0.012017"/>
</kw>
<arg>${1:URL FIELD}</arg>
<status status="FAIL" start="2025-12-08T16:30:40.576910" elapsed="0.012017">No keyword with name 'Element Should Contain' found.</status>
</kw>
<kw name="Load Excel Data" owner="Conformiq RobotFwk Utils library">
<var>${2:login TEXTBOX}</var>
<arg>FLOW1</arg>
<arg>TC_1 Home | ConformIQTC_1 Login | ConformIQ</arg>
<arg>2:login TEXTBOX</arg>
<status status="NOT RUN" start="2025-12-08T16:30:40.588927" elapsed="0.000000"/>
</kw>
<kw name="Load Excel Data" owner="Conformiq RobotFwk Utils library">
<var>${2:password TEXTBOX}</var>
<arg>FLOW1</arg>
<arg>TC_1 Home | ConformIQTC_1 Login | ConformIQ</arg>
<arg>2:password TEXTBOX</arg>
<status status="NOT RUN" start="2025-12-08T16:30:40.588927" elapsed="0.000000"/>
</kw>
<kw name="Login | ConformIQ SmartScanner" owner="DC keywords">
<arg>${2:login TEXTBOX}</arg>
<arg>${2:password TEXTBOX}</arg>
<status status="NOT RUN" start="2025-12-08T16:30:40.588927" elapsed="0.002007"/>
</kw>
<msg time="2025-12-08T16:30:40.618631" level="INFO">Starting Browser process C:\Users\suhas\AppData\Local\Programs\Python\Python311\Lib\site-packages\Browser\wrapper\index.js using at 127.0.0.1:64764</msg>
<status status="FAIL" start="2025-12-08T16:30:40.556893" elapsed="0.034041">No keyword with name 'Element Should Contain' found.</status>
</test>
<test id="s1-t2" name="TC_1 Home | ConformIQTC_1 Login | ConformIQ [2]" line="17">
<kw name="Load Excel Data" owner="Conformiq RobotFwk Utils library">
<kw name="Get Test Data Cell" owner="ExcelDataHandler">
<msg time="2025-12-08T16:30:41.693193" level="FAIL">LookupError: Test Case ID 'TC_1 Home | ConformIQTC_1 Login | ConformIQ 2' not found in Column 1 of sheet 'FLOW1'.</msg>
<var>${sData}</var>
<arg>${sTestDataExcelName}</arg>
<arg>${SheetName}</arg>
<arg>${TestCasename}</arg>
<arg>${TestCaseColumn}</arg>
<arg>2</arg>
<doc>Reads a specific cell value based on a TestCase name and Column header.</doc>
<status status="FAIL" start="2025-12-08T16:30:41.691473" elapsed="0.001720">LookupError: Test Case ID 'TC_1 Home | ConformIQTC_1 Login | ConformIQ 2' not found in Column 1 of sheet 'FLOW1'.</status>
</kw>
<kw name="Log" owner="BuiltIn">
<arg>Fetched Data: ${sData}</arg>
<arg>console=yes</arg>
<doc>Logs the given message with the given level.</doc>
<status status="NOT RUN" start="2025-12-08T16:30:41.693193" elapsed="0.000000"/>
</kw>
<return>
<value>${sData}</value>
<status status="NOT RUN" start="2025-12-08T16:30:41.693193" elapsed="0.000000"/>
</return>
<var>${1:URL FIELD}</var>
<arg>FLOW1</arg>
<arg>TC_1 Home | ConformIQTC_1 Login | ConformIQ 2</arg>
<arg>1:URL FIELD</arg>
<status status="FAIL" start="2025-12-08T16:30:41.691473" elapsed="0.001720">LookupError: Test Case ID 'TC_1 Home | ConformIQTC_1 Login | ConformIQ 2' not found in Column 1 of sheet 'FLOW1'.</status>
</kw>
<kw name="Home | ConformIQ SmartScanner" owner="DC keywords">
<arg>${1:URL FIELD}</arg>
<status status="NOT RUN" start="2025-12-08T16:30:41.693193" elapsed="0.000000"/>
</kw>
<kw name="Load Excel Data" owner="Conformiq RobotFwk Utils library">
<var>${2:login TEXTBOX}</var>
<arg>FLOW1</arg>
<arg>TC_1 Home | ConformIQTC_1 Login | ConformIQ 2</arg>
<arg>2:login TEXTBOX</arg>
<status status="NOT RUN" start="2025-12-08T16:30:41.693193" elapsed="0.000000"/>
</kw>
<kw name="Load Excel Data" owner="Conformiq RobotFwk Utils library">
<var>${2:password TEXTBOX}</var>
<arg>FLOW1</arg>
<arg>TC_1 Home | ConformIQTC_1 Login | ConformIQ 2</arg>
<arg>2:password TEXTBOX</arg>
<status status="NOT RUN" start="2025-12-08T16:30:41.693193" elapsed="0.000000"/>
</kw>
<kw name="Login | ConformIQ SmartScanner" owner="DC keywords">
<arg>${2:login TEXTBOX}</arg>
<arg>${2:password TEXTBOX}</arg>
<status status="NOT RUN" start="2025-12-08T16:30:41.693193" elapsed="0.000000"/>
</kw>
<status status="FAIL" start="2025-12-08T16:30:41.688273" elapsed="0.004920">LookupError: Test Case ID 'TC_1 Home | ConformIQTC_1 Login | ConformIQ 2' not found in Column 1 of sheet 'FLOW1'.</status>
</test>
<doc>WARNING! This file has been automatically generated using the Conformiq &lt;Robot Framework Scripter&gt; scripting backend. PLEASE DO NOT EDIT.</doc>
<status status="FAIL" start="2025-12-08T16:30:40.100018" elapsed="1.593175"/>
</suite>
<statistics>
<total>
<stat pass="0" fail="2" skip="0">All Tests</stat>
</total>
<tag>
</tag>
<suite>
<stat name="DC tests" id="s1" pass="0" fail="2" skip="0">DC tests</stat>
</suite>
</statistics>
<errors>
</errors>
</robot>
